Build started 01/03/2016 14:16:42.
     1>Project "A:\Projects\C++\A2_Game\A2_Game\A2_Game.vcxproj" on node 2 (Build target(s)).
     1>C:\Program Files (x86)\MSBuild\Microsoft.Cpp\v4.0\V110\Microsoft.CppBuild.targets(345,5): warning MSB8004: Intermediate Directory does not end with a trailing slash.  This build instance will add the slash as it is required to allow proper evaluation of the Intermediate Directory.
     1>C:\Program Files (x86)\MSBuild\Microsoft.Cpp\v4.0\V110\Microsoft.CppBuild.targets(346,5): warning MSB8004: Output Directory does not end with a trailing slash.  This build instance will add the slash as it is required to allow proper evaluation of the Output Directory.
     1>ClCompile:
         A:\Programs\Microsoft Visual Studio 11.0\VC\bin\CL.exe /c /I..\include /ZI /nologo /W3 /WX- /Od /Oy- /D _MBCS /Gm /EHsc /RTC1 /MDd /GS /fp:precise /Zc:wchar_t /Zc:forScope /Fo"A:\Projects\C++\A2_Game\build\Debug\\" /Fd"A:\Projects\C++\A2_Game\build\Debug\vc110.pdb" /Gd /TP /analyze- /errorReport:prompt ..\src\Main.cpp
         Main.cpp
       Link:
         A:\Programs\Microsoft Visual Studio 11.0\VC\bin\link.exe /ERRORREPORT:PROMPT /OUT:"A:\Projects\C++\A2_Game\build\Debug\A2_Game.exe" /INCREMENTAL /NOLOGO /LIBPATH:..\lib alleg.lib kernel32.lib user32.lib gdi32.lib winspool.lib comdlg32.lib advapi32.lib shell32.lib ole32.lib oleaut32.lib uuid.lib odbc32.lib odbccp32.lib /MANIFEST /MANIFESTUAC:"level='asInvoker' uiAccess='false'" /manifest:embed /DEBUG /PDB:"A:\Projects\C++\A2_Game\build\Debug\A2_Game.pdb" /SUBSYSTEM:WINDOWS /TLBID:1 /DYNAMICBASE /NXCOMPAT /IMPLIB:"A:\Projects\C++\A2_Game\build\Debug\A2_Game.lib" /MACHINE:X86 A:\Projects\C++\A2_Game\build\Debug\GameState.obj
         A:\Projects\C++\A2_Game\build\Debug\Main.obj
     1>Main.obj : error LNK2005: "enum GameState g_currentGameState" (?g_currentGameState@@3W4GameState@@A) already defined in GameState.obj
     1>A:\Projects\C++\A2_Game\build\Debug\A2_Game.exe : fatal error LNK1169: one or more multiply defined symbols found
     1>Done Building Project "A:\Projects\C++\A2_Game\A2_Game\A2_Game.vcxproj" (Build target(s)) -- FAILED.

Build FAILED.

Time Elapsed 00:00:02.40
